CRITICAL - 2021-02-07 07:47:15 --> Undefined variable: oktatasiModok
#0 /Applications/MAMP/htdocs/carlo_riding_School/app/Views/home/something.php(4): CodeIgniter\Debug\Exceptions->errorHandler(8, 'Undefined varia...', '/Applications/M...', 4, Array)
#1 /Applications/MAMP/htdocs/carlo_riding_School/system/View/View.php(246): include('/Applications/M...')
#2 /Applications/MAMP/htdocs/carlo_riding_School/system/View/View.php(525): CodeIgniter\View\View->render('home/something', NULL, true)
#3 /Applications/MAMP/htdocs/carlo_riding_School/app/Views/shared/_layouter.php(3): CodeIgniter\View\View->include('home/something')
#4 /Applications/MAMP/htdocs/carlo_riding_School/system/View/View.php(246): include('/Applications/M...')
#5 /Applications/MAMP/htdocs/carlo_riding_School/system/Common.php(1119): CodeIgniter\View\View->render('shared/_layoute...', Array, true)
#6 /Applications/MAMP/htdocs/carlo_riding_School/system/Common.php(1129): view('shared/_layoute...', Array, Array)
#7 /Applications/MAMP/htdocs/carlo_riding_School/app/Controllers/Fooldal.php(18): view_layout('home/something')
#8 /Applications/MAMP/htdocs/carlo_riding_School/system/CodeIgniter.php(918): App\Controllers\Fooldal->valami()
#9 /Applications/MAMP/htdocs/carlo_riding_School/system/CodeIgniter.php(404): CodeIgniter\CodeIgniter->runController(Object(App\Controllers\Fooldal))
#10 /Applications/MAMP/htdocs/carlo_riding_School/system/CodeIgniter.php(312): CodeIgniter\CodeIgniter->handleRequest(NULL, Object(Config\Cache), false)
#11 /Applications/MAMP/htdocs/carlo_riding_School/public/index.php(46): CodeIgniter\CodeIgniter->run()
#12 {main}
CRITICAL - 2021-02-07 08:03:31 --> Undefined variable: lok
#0 /Applications/MAMP/htdocs/carlo_riding_School/app/Views/fooldal/lovak.php(4): CodeIgniter\Debug\Exceptions->errorHandler(8, 'Undefined varia...', '/Applications/M...', 4, Array)
#1 /Applications/MAMP/htdocs/carlo_riding_School/system/View/View.php(246): include('/Applications/M...')
#2 /Applications/MAMP/htdocs/carlo_riding_School/system/View/View.php(525): CodeIgniter\View\View->render('fooldal/lovak', NULL, true)
#3 /Applications/MAMP/htdocs/carlo_riding_School/app/Views/shared/_layouter.php(3): CodeIgniter\View\View->include('fooldal/lovak')
#4 /Applications/MAMP/htdocs/carlo_riding_School/system/View/View.php(246): include('/Applications/M...')
#5 /Applications/MAMP/htdocs/carlo_riding_School/system/Common.php(1119): CodeIgniter\View\View->render('shared/_layoute...', Array, true)
#6 /Applications/MAMP/htdocs/carlo_riding_School/system/Common.php(1129): view('shared/_layoute...', Array, Array)
#7 /Applications/MAMP/htdocs/carlo_riding_School/app/Controllers/Fooldal.php(26): view_layout('fooldal/lovak')
#8 /Applications/MAMP/htdocs/carlo_riding_School/system/CodeIgniter.php(918): App\Controllers\Fooldal->lovak()
#9 /Applications/MAMP/htdocs/carlo_riding_School/system/CodeIgniter.php(404): CodeIgniter\CodeIgniter->runController(Object(App\Controllers\Fooldal))
#10 /Applications/MAMP/htdocs/carlo_riding_School/system/CodeIgniter.php(312): CodeIgniter\CodeIgniter->handleRequest(NULL, Object(Config\Cache), false)
#11 /Applications/MAMP/htdocs/carlo_riding_School/public/index.php(46): CodeIgniter\CodeIgniter->run()
#12 {main}
CRITICAL - 2021-02-07 08:06:32 --> Call to undefined function cout()
#0 /Applications/MAMP/htdocs/carlo_riding_School/system/View/View.php(246): include()
#1 /Applications/MAMP/htdocs/carlo_riding_School/system/View/View.php(525): CodeIgniter\View\View->render('fooldal/lovak', NULL, true)
#2 /Applications/MAMP/htdocs/carlo_riding_School/app/Views/shared/_layouter.php(3): CodeIgniter\View\View->include('fooldal/lovak')
#3 /Applications/MAMP/htdocs/carlo_riding_School/system/View/View.php(246): include('/Applications/M...')
#4 /Applications/MAMP/htdocs/carlo_riding_School/system/Common.php(1119): CodeIgniter\View\View->render('shared/_layoute...', Array, true)
#5 /Applications/MAMP/htdocs/carlo_riding_School/system/Common.php(1129): view('shared/_layoute...', Array, Array)
#6 /Applications/MAMP/htdocs/carlo_riding_School/app/Controllers/Fooldal.php(26): view_layout('fooldal/lovak', Array)
#7 /Applications/MAMP/htdocs/carlo_riding_School/system/CodeIgniter.php(918): App\Controllers\Fooldal->lovak()
#8 /Applications/MAMP/htdocs/carlo_riding_School/system/CodeIgniter.php(404): CodeIgniter\CodeIgniter->runController(Object(App\Controllers\Fooldal))
#9 /Applications/MAMP/htdocs/carlo_riding_School/system/CodeIgniter.php(312): CodeIgniter\CodeIgniter->handleRequest(NULL, Object(Config\Cache), false)
#10 /Applications/MAMP/htdocs/carlo_riding_School/public/index.php(46): CodeIgniter\CodeIgniter->run()
#11 {main}
