CRITICAL - 2021-01-24 05:00:25 --> Argument 2 passed to view_layout() must be of the type string, array given, called in /Applications/MAMP/htdocs/codeig/app/Controllers/Home.php on line 18
#0 /Applications/MAMP/htdocs/codeig/app/Controllers/Home.php(18): view_layout('home/something', Array)
#1 /Applications/MAMP/htdocs/codeig/system/CodeIgniter.php(918): App\Controllers\Home->something()
#2 /Applications/MAMP/htdocs/codeig/system/CodeIgniter.php(404): CodeIgniter\CodeIgniter->runController(Object(App\Controllers\Home))
#3 /Applications/MAMP/htdocs/codeig/system/CodeIgniter.php(312): CodeIgniter\CodeIgniter->handleRequest(NULL, Object(Config\Cache), false)
#4 /Applications/MAMP/htdocs/codeig/public/index.php(46): CodeIgniter\CodeIgniter->run()
#5 {main}
CRITICAL - 2021-01-24 05:00:50 --> Undefined variable: oktatasiModok
#0 /Applications/MAMP/htdocs/codeig/app/Views/home/something.php(4): CodeIgniter\Debug\Exceptions->errorHandler(8, 'Undefined varia...', '/Applications/M...', 4, Array)
#1 /Applications/MAMP/htdocs/codeig/system/View/View.php(246): include('/Applications/M...')
#2 /Applications/MAMP/htdocs/codeig/system/View/View.php(525): CodeIgniter\View\View->render('home/something', Array, true)
#3 /Applications/MAMP/htdocs/codeig/app/Views/shared/_layouter.php(3): CodeIgniter\View\View->include('home/something', Array)
#4 /Applications/MAMP/htdocs/codeig/system/View/View.php(246): include('/Applications/M...')
#5 /Applications/MAMP/htdocs/codeig/system/Common.php(1119): CodeIgniter\View\View->render('shared/_layoute...', Array, true)
#6 /Applications/MAMP/htdocs/codeig/system/Common.php(1128): view('shared/_layoute...', Array, Array)
#7 /Applications/MAMP/htdocs/codeig/app/Controllers/Home.php(18): view_layout('home/something', Array)
#8 /Applications/MAMP/htdocs/codeig/system/CodeIgniter.php(918): App\Controllers\Home->something()
#9 /Applications/MAMP/htdocs/codeig/system/CodeIgniter.php(404): CodeIgniter\CodeIgniter->runController(Object(App\Controllers\Home))
#10 /Applications/MAMP/htdocs/codeig/system/CodeIgniter.php(312): CodeIgniter\CodeIgniter->handleRequest(NULL, Object(Config\Cache), false)
#11 /Applications/MAMP/htdocs/codeig/public/index.php(46): CodeIgniter\CodeIgniter->run()
#12 {main}
CRITICAL - 2021-01-24 05:01:22 --> Undefined variable: oktatasiModok
#0 /Applications/MAMP/htdocs/codeig/app/Views/home/something.php(5): CodeIgniter\Debug\Exceptions->errorHandler(8, 'Undefined varia...', '/Applications/M...', 5, Array)
#1 /Applications/MAMP/htdocs/codeig/system/View/View.php(246): include('/Applications/M...')
#2 /Applications/MAMP/htdocs/codeig/system/View/View.php(525): CodeIgniter\View\View->render('home/something', Array, true)
#3 /Applications/MAMP/htdocs/codeig/app/Views/shared/_layouter.php(3): CodeIgniter\View\View->include('home/something', Array)
#4 /Applications/MAMP/htdocs/codeig/system/View/View.php(246): include('/Applications/M...')
#5 /Applications/MAMP/htdocs/codeig/system/Common.php(1119): CodeIgniter\View\View->render('shared/_layoute...', Array, true)
#6 /Applications/MAMP/htdocs/codeig/system/Common.php(1128): view('shared/_layoute...', Array, Array)
#7 /Applications/MAMP/htdocs/codeig/app/Controllers/Home.php(18): view_layout('home/something', Array)
#8 /Applications/MAMP/htdocs/codeig/system/CodeIgniter.php(918): App\Controllers\Home->something()
#9 /Applications/MAMP/htdocs/codeig/system/CodeIgniter.php(404): CodeIgniter\CodeIgniter->runController(Object(App\Controllers\Home))
#10 /Applications/MAMP/htdocs/codeig/system/CodeIgniter.php(312): CodeIgniter\CodeIgniter->handleRequest(NULL, Object(Config\Cache), false)
#11 /Applications/MAMP/htdocs/codeig/public/index.php(46): CodeIgniter\CodeIgniter->run()
#12 {main}
CRITICAL - 2021-01-24 05:02:35 --> Undefined variable: oktatasiModok
#0 /Applications/MAMP/htdocs/codeig/app/Views/home/something.php(4): CodeIgniter\Debug\Exceptions->errorHandler(8, 'Undefined varia...', '/Applications/M...', 4, Array)
#1 /Applications/MAMP/htdocs/codeig/system/View/View.php(246): include('/Applications/M...')
#2 /Applications/MAMP/htdocs/codeig/system/View/View.php(525): CodeIgniter\View\View->render('home/something', Array, true)
#3 /Applications/MAMP/htdocs/codeig/app/Views/shared/_layouter.php(3): CodeIgniter\View\View->include('home/something', Array)
#4 /Applications/MAMP/htdocs/codeig/system/View/View.php(246): include('/Applications/M...')
#5 /Applications/MAMP/htdocs/codeig/system/Common.php(1119): CodeIgniter\View\View->render('shared/_layoute...', Array, true)
#6 /Applications/MAMP/htdocs/codeig/system/Common.php(1128): view('shared/_layoute...', Array, Array)
#7 /Applications/MAMP/htdocs/codeig/app/Controllers/Home.php(18): view_layout('home/something', Array)
#8 /Applications/MAMP/htdocs/codeig/system/CodeIgniter.php(918): App\Controllers\Home->something()
#9 /Applications/MAMP/htdocs/codeig/system/CodeIgniter.php(404): CodeIgniter\CodeIgniter->runController(Object(App\Controllers\Home))
#10 /Applications/MAMP/htdocs/codeig/system/CodeIgniter.php(312): CodeIgniter\CodeIgniter->handleRequest(NULL, Object(Config\Cache), false)
#11 /Applications/MAMP/htdocs/codeig/public/index.php(46): CodeIgniter\CodeIgniter->run()
#12 {main}
CRITICAL - 2021-01-24 05:02:45 --> Undefined variable: oktatasiModok
#0 /Applications/MAMP/htdocs/codeig/app/Views/home/something.php(5): CodeIgniter\Debug\Exceptions->errorHandler(8, 'Undefined varia...', '/Applications/M...', 5, Array)
#1 /Applications/MAMP/htdocs/codeig/system/View/View.php(246): include('/Applications/M...')
#2 /Applications/MAMP/htdocs/codeig/system/View/View.php(525): CodeIgniter\View\View->render('home/something', Array, true)
#3 /Applications/MAMP/htdocs/codeig/app/Views/shared/_layouter.php(3): CodeIgniter\View\View->include('home/something', Array)
#4 /Applications/MAMP/htdocs/codeig/system/View/View.php(246): include('/Applications/M...')
#5 /Applications/MAMP/htdocs/codeig/system/Common.php(1119): CodeIgniter\View\View->render('shared/_layoute...', Array, true)
#6 /Applications/MAMP/htdocs/codeig/system/Common.php(1128): view('shared/_layoute...', Array, Array)
#7 /Applications/MAMP/htdocs/codeig/app/Controllers/Home.php(18): view_layout('home/something', Array)
#8 /Applications/MAMP/htdocs/codeig/system/CodeIgniter.php(918): App\Controllers\Home->something()
#9 /Applications/MAMP/htdocs/codeig/system/CodeIgniter.php(404): CodeIgniter\CodeIgniter->runController(Object(App\Controllers\Home))
#10 /Applications/MAMP/htdocs/codeig/system/CodeIgniter.php(312): CodeIgniter\CodeIgniter->handleRequest(NULL, Object(Config\Cache), false)
#11 /Applications/MAMP/htdocs/codeig/public/index.php(46): CodeIgniter\CodeIgniter->run()
#12 {main}
CRITICAL - 2021-01-24 05:03:01 --> Undefined offset: 0
#0 /Applications/MAMP/htdocs/codeig/app/Views/home/something.php(5): CodeIgniter\Debug\Exceptions->errorHandler(8, 'Undefined offse...', '/Applications/M...', 5, Array)
#1 /Applications/MAMP/htdocs/codeig/system/View/View.php(246): include('/Applications/M...')
#2 /Applications/MAMP/htdocs/codeig/system/View/View.php(525): CodeIgniter\View\View->render('home/something', Array, true)
#3 /Applications/MAMP/htdocs/codeig/app/Views/shared/_layouter.php(3): CodeIgniter\View\View->include('home/something', Array)
#4 /Applications/MAMP/htdocs/codeig/system/View/View.php(246): include('/Applications/M...')
#5 /Applications/MAMP/htdocs/codeig/system/Common.php(1119): CodeIgniter\View\View->render('shared/_layoute...', Array, true)
#6 /Applications/MAMP/htdocs/codeig/system/Common.php(1128): view('shared/_layoute...', Array, Array)
#7 /Applications/MAMP/htdocs/codeig/app/Controllers/Home.php(18): view_layout('home/something', Array)
#8 /Applications/MAMP/htdocs/codeig/system/CodeIgniter.php(918): App\Controllers\Home->something()
#9 /Applications/MAMP/htdocs/codeig/system/CodeIgniter.php(404): CodeIgniter\CodeIgniter->runController(Object(App\Controllers\Home))
#10 /Applications/MAMP/htdocs/codeig/system/CodeIgniter.php(312): CodeIgniter\CodeIgniter->handleRequest(NULL, Object(Config\Cache), false)
#11 /Applications/MAMP/htdocs/codeig/public/index.php(46): CodeIgniter\CodeIgniter->run()
#12 {main}
CRITICAL - 2021-01-24 05:03:46 --> Undefined variable: __data
#0 /Applications/MAMP/htdocs/codeig/app/Views/shared/_layouter.php(3): CodeIgniter\Debug\Exceptions->errorHandler(8, 'Undefined varia...', '/Applications/M...', 3, Array)
#1 /Applications/MAMP/htdocs/codeig/system/View/View.php(246): include('/Applications/M...')
#2 /Applications/MAMP/htdocs/codeig/system/Common.php(1119): CodeIgniter\View\View->render('shared/_layoute...', Array, true)
#3 /Applications/MAMP/htdocs/codeig/system/Common.php(1129): view('shared/_layoute...', Array, Array)
#4 /Applications/MAMP/htdocs/codeig/app/Controllers/Home.php(18): view_layout('home/something', Array)
#5 /Applications/MAMP/htdocs/codeig/system/CodeIgniter.php(918): App\Controllers\Home->something()
#6 /Applications/MAMP/htdocs/codeig/system/CodeIgniter.php(404): CodeIgniter\CodeIgniter->runController(Object(App\Controllers\Home))
#7 /Applications/MAMP/htdocs/codeig/system/CodeIgniter.php(312): CodeIgniter\CodeIgniter->handleRequest(NULL, Object(Config\Cache), false)
#8 /Applications/MAMP/htdocs/codeig/public/index.php(46): CodeIgniter\CodeIgniter->run()
#9 {main}
